Analysis & Synthesis report for PegaLadrao
Fri Jun 08 15:13:04 2018
Quartus II 64-Bit Version 9.1 Build 350 03/24/2010 Service Pack 2 SJ Full Version


---------------------
; Table of Contents ;
---------------------
  1. Legal Notice
  2. Analysis & Synthesis Summary
  3. Analysis & Synthesis Settings
  4. Parallel Compilation
  5. Analysis & Synthesis Source Files Read
  6. Analysis & Synthesis Resource Usage Summary
  7. Analysis & Synthesis Resource Utilization by Entity
  8. Registers Removed During Synthesis
  9. Removed Registers Triggering Further Register Optimizations
 10. General Register Statistics
 11. Inverted Register Statistics
 12. Multiplexer Restructuring Statistics (Restructuring Performed)
 13. Parameter Settings for Inferred Entity Instance: lpm_divide:Mod0
 14. Parameter Settings for Inferred Entity Instance: lpm_divide:Mod1
 15. Parameter Settings for Inferred Entity Instance: lpm_divide:Mod2
 16. Parameter Settings for Inferred Entity Instance: lpm_divide:Mod3
 17. Parameter Settings for Inferred Entity Instance: lpm_divide:Mod4
 18. Parameter Settings for Inferred Entity Instance: lpm_divide:Mod6
 19. Parameter Settings for Inferred Entity Instance: lpm_divide:Mod5
 20. Analysis & Synthesis Messages
 21. Analysis & Synthesis Suppressed Messages



----------------
; Legal Notice ;
----------------
Copyright (C) 1991-2010 Altera Corporation
Your use of Altera Corporation's design tools, logic functions 
and other software and tools, and its AMPP partner logic 
functions, and any output files from any of the foregoing 
(including device programming or simulation files), and any 
associated documentation or information are expressly subject 
to the terms and conditions of the Altera Program License 
Subscription Agreement, Altera MegaCore Function License 
Agreement, or other applicable license agreement, including, 
without limitation, that your use is for the sole purpose of 
programming logic devices manufactured by Altera and sold by 
Altera or its authorized distributors.  Please refer to the 
applicable agreement for further details.



+------------------------------------------------------------------------------------+
; Analysis & Synthesis Summary                                                       ;
+------------------------------------+-----------------------------------------------+
; Analysis & Synthesis Status        ; Successful - Fri Jun 08 15:13:04 2018         ;
; Quartus II 64-Bit Version          ; 9.1 Build 350 03/24/2010 SP 2 SJ Full Version ;
; Revision Name                      ; PegaLadrao                                    ;
; Top-level Entity Name              ; PegaLadrao                                    ;
; Family                             ; Cyclone II                                    ;
; Total logic elements               ; 2,385                                         ;
;     Total combinational functions  ; 2,384                                         ;
;     Dedicated logic registers      ; 196                                           ;
; Total registers                    ; 196                                           ;
; Total pins                         ; 107                                           ;
; Total virtual pins                 ; 0                                             ;
; Total memory bits                  ; 0                                             ;
; Embedded Multiplier 9-bit elements ; 0                                             ;
; Total PLLs                         ; 0                                             ;
+------------------------------------+-----------------------------------------------+


+----------------------------------------------------------------------------------------------------------------------+
; Analysis & Synthesis Settings                                                                                        ;
+----------------------------------------------------------------------------+--------------------+--------------------+
; Option                                                                     ; Setting            ; Default Value      ;
+----------------------------------------------------------------------------+--------------------+--------------------+
; Device                                                                     ; EP2C35F672C6       ;                    ;
; Top-level entity name                                                      ; PegaLadrao         ; PegaLadrao         ;
; Family name                                                                ; Cyclone II         ; Stratix II         ;
; Type of Retiming Performed During Resynthesis                              ; Full               ;                    ;
; Resynthesis Optimization Effort                                            ; Normal             ;                    ;
; Physical Synthesis Level for Resynthesis                                   ; Normal             ;                    ;
; Use Generated Physical Constraints File                                    ; On                 ;                    ;
; Use smart compilation                                                      ; Off                ; Off                ;
; Enable parallel Assembler and TimeQuest Timing Analyzer during compilation ; On                 ; On                 ;
; Enable compact report table                                                ; Off                ; Off                ;
; Restructure Multiplexers                                                   ; Auto               ; Auto               ;
; Create Debugging Nodes for IP Cores                                        ; Off                ; Off                ;
; Preserve fewer node names                                                  ; On                 ; On                 ;
; Disable OpenCore Plus hardware evaluation                                  ; Off                ; Off                ;
; Verilog Version                                                            ; Verilog_2001       ; Verilog_2001       ;
; VHDL Version                                                               ; VHDL_1993          ; VHDL_1993          ;
; State Machine Processing                                                   ; Auto               ; Auto               ;
; Safe State Machine                                                         ; Off                ; Off                ;
; Extract Verilog State Machines                                             ; On                 ; On                 ;
; Extract VHDL State Machines                                                ; On                 ; On                 ;
; Ignore Verilog initial constructs                                          ; Off                ; Off                ;
; Iteration limit for constant Verilog loops                                 ; 5000               ; 5000               ;
; Iteration limit for non-constant Verilog loops                             ; 250                ; 250                ;
; Add Pass-Through Logic to Inferred RAMs                                    ; On                 ; On                 ;
; Parallel Synthesis                                                         ; On                 ; On                 ;
; DSP Block Balancing                                                        ; Auto               ; Auto               ;
; NOT Gate Push-Back                                                         ; On                 ; On                 ;
; Power-Up Don't Care                                                        ; On                 ; On                 ;
; Remove Redundant Logic Cells                                               ; Off                ; Off                ;
; Remove Duplicate Registers                                                 ; On                 ; On                 ;
; Ignore CARRY Buffers                                                       ; Off                ; Off                ;
; Ignore CASCADE Buffers                                                     ; Off                ; Off                ;
; Ignore GLOBAL Buffers                                                      ; Off                ; Off                ;
; Ignore ROW GLOBAL Buffers                                                  ; Off                ; Off                ;
; Ignore LCELL Buffers                                                       ; Off                ; Off                ;
; Ignore SOFT Buffers                                                        ; On                 ; On                 ;
; Limit AHDL Integers to 32 Bits                                             ; Off                ; Off                ;
; Optimization Technique                                                     ; Balanced           ; Balanced           ;
; Carry Chain Length                                                         ; 70                 ; 70                 ;
; Auto Carry Chains                                                          ; On                 ; On                 ;
; Auto Open-Drain Pins                                                       ; On                 ; On                 ;
; Perform WYSIWYG Primitive Resynthesis                                      ; Off                ; Off                ;
; Auto ROM Replacement                                                       ; On                 ; On                 ;
; Auto RAM Replacement                                                       ; On                 ; On                 ;
; Auto Shift Register Replacement                                            ; Auto               ; Auto               ;
; Auto Clock Enable Replacement                                              ; On                 ; On                 ;
; Strict RAM Replacement                                                     ; Off                ; Off                ;
; Allow Synchronous Control Signals                                          ; On                 ; On                 ;
; Force Use of Synchronous Clear Signals                                     ; Off                ; Off                ;
; Auto RAM to Logic Cell Conversion                                          ; Off                ; Off                ;
; Auto Resource Sharing                                                      ; Off                ; Off                ;
; Allow Any RAM Size For Recognition                                         ; Off                ; Off                ;
; Allow Any ROM Size For Recognition                                         ; Off                ; Off                ;
; Allow Any Shift Register Size For Recognition                              ; Off                ; Off                ;
; Use LogicLock Constraints during Resource Balancing                        ; On                 ; On                 ;
; Ignore translate_off and synthesis_off directives                          ; Off                ; Off                ;
; Timing-Driven Synthesis                                                    ; Off                ; Off                ;
; Show Parameter Settings Tables in Synthesis Report                         ; On                 ; On                 ;
; Ignore Maximum Fan-Out Assignments                                         ; Off                ; Off                ;
; Synchronization Register Chain Length                                      ; 2                  ; 2                  ;
; PowerPlay Power Optimization                                               ; Normal compilation ; Normal compilation ;
; HDL message level                                                          ; Level2             ; Level2             ;
; Suppress Register Optimization Related Messages                            ; Off                ; Off                ;
; Number of Removed Registers Reported in Synthesis Report                   ; 5000               ; 5000               ;
; Number of Inverted Registers Reported in Synthesis Report                  ; 100                ; 100                ;
; Clock MUX Protection                                                       ; On                 ; On                 ;
; Auto Gated Clock Conversion                                                ; Off                ; Off                ;
; Block Design Naming                                                        ; Auto               ; Auto               ;
; SDC constraint protection                                                  ; Off                ; Off                ;
; Synthesis Effort                                                           ; Auto               ; Auto               ;
; Shift Register Replacement - Allow Asynchronous Clear Signal               ; On                 ; On                 ;
; Analysis & Synthesis Message Level                                         ; Medium             ; Medium             ;
; Disable Register Merging Across Hierarchies                                ; Auto               ; Auto               ;
; Resource Aware Inference For Block RAM                                     ; On                 ; On                 ;
+----------------------------------------------------------------------------+--------------------+--------------------+


+------------------------------------------+
; Parallel Compilation                     ;
+----------------------------+-------------+
; Processors                 ; Number      ;
+----------------------------+-------------+
; Number detected on machine ; 4           ;
; Maximum allowed            ; 4           ;
;                            ;             ;
; Average used               ; 1.00        ;
; Maximum used               ; 1           ;
;                            ;             ;
; Usage by Processor         ; % Time Used ;
;     1 processor            ; 100.0%      ;
;     2-4 processors         ;   0.0%      ;
+----------------------------+-------------+


+----------------------------------------------------------------------------------------------------------------------------------------------------+
; Analysis & Synthesis Source Files Read                                                                                                             ;
+----------------------------------+-----------------+------------------------------+----------------------------------------------------------------+
; File Name with User-Entered Path ; Used in Netlist ; File Type                    ; File Name with Absolute Path                                   ;
+----------------------------------+-----------------+------------------------------+----------------------------------------------------------------+
; PegaLadrao.v                     ; yes             ; User Verilog HDL File        ; C:/Users/Claudio/Desktop/PegaLadrao/PegaLadrao.v               ;
; lpm_divide.tdf                   ; yes             ; Megafunction                 ; c:/altera/91sp2/quartus/libraries/megafunctions/lpm_divide.tdf ;
; db/lpm_divide_m6m.tdf            ; yes             ; Auto-Generated Megafunction  ; C:/Users/Claudio/Desktop/PegaLadrao/db/lpm_divide_m6m.tdf      ;
; db/sign_div_unsign_tlh.tdf       ; yes             ; Auto-Generated Megafunction  ; C:/Users/Claudio/Desktop/PegaLadrao/db/sign_div_unsign_tlh.tdf ;
; db/alt_u_div_s2f.tdf             ; yes             ; Auto-Generated Megafunction  ; C:/Users/Claudio/Desktop/PegaLadrao/db/alt_u_div_s2f.tdf       ;
; db/add_sub_lkc.tdf               ; yes             ; Auto-Generated Megafunction  ; C:/Users/Claudio/Desktop/PegaLadrao/db/add_sub_lkc.tdf         ;
; db/add_sub_mkc.tdf               ; yes             ; Auto-Generated Megafunction  ; C:/Users/Claudio/Desktop/PegaLadrao/db/add_sub_mkc.tdf         ;
+----------------------------------+-----------------+------------------------------+----------------------------------------------------------------+


+------------------------------------------------------+
; Analysis & Synthesis Resource Usage Summary          ;
+---------------------------------------------+--------+
; Resource                                    ; Usage  ;
+---------------------------------------------+--------+
; Estimated Total logic elements              ; 2,385  ;
;                                             ;        ;
; Total combinational functions               ; 2384   ;
; Logic element usage by number of LUT inputs ;        ;
;     -- 4 input functions                    ; 930    ;
;     -- 3 input functions                    ; 630    ;
;     -- <=2 input functions                  ; 824    ;
;                                             ;        ;
; Logic elements by mode                      ;        ;
;     -- normal mode                          ; 1786   ;
;     -- arithmetic mode                      ; 598    ;
;                                             ;        ;
; Total registers                             ; 196    ;
;     -- Dedicated logic registers            ; 196    ;
;     -- I/O registers                        ; 0      ;
;                                             ;        ;
; I/O pins                                    ; 107    ;
; Maximum fan-out node                        ; UNI[0] ;
; Maximum fan-out                             ; 164    ;
; Total fan-out                               ; 7670   ;
; Average fan-out                             ; 2.85   ;
+---------------------------------------------+--------+


+---------------------------------------------------------------------------------------------------------------------------------------------------------------------------------------------------------------------------------------------------------------------------------+
; Analysis & Synthesis Resource Utilization by Entity                                                                                                                                                                                                                             ;
+----------------------------------------+-------------------+--------------+-------------+--------------+---------+-----------+------+--------------+-------------------------------------------------------------------------------------------------------------+--------------+
; Compilation Hierarchy Node             ; LC Combinationals ; LC Registers ; Memory Bits ; DSP Elements ; DSP 9x9 ; DSP 18x18 ; Pins ; Virtual Pins ; Full Hierarchy Name                                                                                         ; Library Name ;
+----------------------------------------+-------------------+--------------+-------------+--------------+---------+-----------+------+--------------+-------------------------------------------------------------------------------------------------------------+--------------+
; |PegaLadrao                            ; 2384 (809)        ; 196 (196)    ; 0           ; 0            ; 0       ; 0         ; 107  ; 0            ; |PegaLadrao                                                                                                 ; work         ;
;    |lpm_divide:Mod0|                   ; 218 (0)           ; 0 (0)        ; 0           ; 0            ; 0       ; 0         ; 0    ; 0            ; |PegaLadrao|lpm_divide:Mod0                                                                                 ;              ;
;       |lpm_divide_m6m:auto_generated|  ; 218 (0)           ; 0 (0)        ; 0           ; 0            ; 0       ; 0         ; 0    ; 0            ; |PegaLadrao|lpm_divide:Mod0|lpm_divide_m6m:auto_generated                                                   ;              ;
;          |sign_div_unsign_tlh:divider| ; 218 (0)           ; 0 (0)        ; 0           ; 0            ; 0       ; 0         ; 0    ; 0            ; |PegaLadrao|lpm_divide:Mod0|lpm_divide_m6m:auto_generated|sign_div_unsign_tlh:divider                       ;              ;
;             |alt_u_div_s2f:divider|    ; 218 (218)         ; 0 (0)        ; 0           ; 0            ; 0       ; 0         ; 0    ; 0            ; |PegaLadrao|lpm_divide:Mod0|lpm_divide_m6m:auto_generated|sign_div_unsign_tlh:divider|alt_u_div_s2f:divider ;              ;
;    |lpm_divide:Mod1|                   ; 231 (0)           ; 0 (0)        ; 0           ; 0            ; 0       ; 0         ; 0    ; 0            ; |PegaLadrao|lpm_divide:Mod1                                                                                 ;              ;
;       |lpm_divide_m6m:auto_generated|  ; 231 (0)           ; 0 (0)        ; 0           ; 0            ; 0       ; 0         ; 0    ; 0            ; |PegaLadrao|lpm_divide:Mod1|lpm_divide_m6m:auto_generated                                                   ;              ;
;          |sign_div_unsign_tlh:divider| ; 231 (0)           ; 0 (0)        ; 0           ; 0            ; 0       ; 0         ; 0    ; 0            ; |PegaLadrao|lpm_divide:Mod1|lpm_divide_m6m:auto_generated|sign_div_unsign_tlh:divider                       ;              ;
;             |alt_u_div_s2f:divider|    ; 231 (231)         ; 0 (0)        ; 0           ; 0            ; 0       ; 0         ; 0    ; 0            ; |PegaLadrao|lpm_divide:Mod1|lpm_divide_m6m:auto_generated|sign_div_unsign_tlh:divider|alt_u_div_s2f:divider ;              ;
;    |lpm_divide:Mod2|                   ; 233 (0)           ; 0 (0)        ; 0           ; 0            ; 0       ; 0         ; 0    ; 0            ; |PegaLadrao|lpm_divide:Mod2                                                                                 ;              ;
;       |lpm_divide_m6m:auto_generated|  ; 233 (0)           ; 0 (0)        ; 0           ; 0            ; 0       ; 0         ; 0    ; 0            ; |PegaLadrao|lpm_divide:Mod2|lpm_divide_m6m:auto_generated                                                   ;              ;
;          |sign_div_unsign_tlh:divider| ; 233 (0)           ; 0 (0)        ; 0           ; 0            ; 0       ; 0         ; 0    ; 0            ; |PegaLadrao|lpm_divide:Mod2|lpm_divide_m6m:auto_generated|sign_div_unsign_tlh:divider                       ;              ;
;             |alt_u_div_s2f:divider|    ; 233 (233)         ; 0 (0)        ; 0           ; 0            ; 0       ; 0         ; 0    ; 0            ; |PegaLadrao|lpm_divide:Mod2|lpm_divide_m6m:auto_generated|sign_div_unsign_tlh:divider|alt_u_div_s2f:divider ;              ;
;    |lpm_divide:Mod3|                   ; 218 (0)           ; 0 (0)        ; 0           ; 0            ; 0       ; 0         ; 0    ; 0            ; |PegaLadrao|lpm_divide:Mod3                                                                                 ;              ;
;       |lpm_divide_m6m:auto_generated|  ; 218 (0)           ; 0 (0)        ; 0           ; 0            ; 0       ; 0         ; 0    ; 0            ; |PegaLadrao|lpm_divide:Mod3|lpm_divide_m6m:auto_generated                                                   ;              ;
;          |sign_div_unsign_tlh:divider| ; 218 (0)           ; 0 (0)        ; 0           ; 0            ; 0       ; 0         ; 0    ; 0            ; |PegaLadrao|lpm_divide:Mod3|lpm_divide_m6m:auto_generated|sign_div_unsign_tlh:divider                       ;              ;
;             |alt_u_div_s2f:divider|    ; 218 (218)         ; 0 (0)        ; 0           ; 0            ; 0       ; 0         ; 0    ; 0            ; |PegaLadrao|lpm_divide:Mod3|lpm_divide_m6m:auto_generated|sign_div_unsign_tlh:divider|alt_u_div_s2f:divider ;              ;
;    |lpm_divide:Mod4|                   ; 231 (0)           ; 0 (0)        ; 0           ; 0            ; 0       ; 0         ; 0    ; 0            ; |PegaLadrao|lpm_divide:Mod4                                                                                 ;              ;
;       |lpm_divide_m6m:auto_generated|  ; 231 (0)           ; 0 (0)        ; 0           ; 0            ; 0       ; 0         ; 0    ; 0            ; |PegaLadrao|lpm_divide:Mod4|lpm_divide_m6m:auto_generated                                                   ;              ;
;          |sign_div_unsign_tlh:divider| ; 231 (0)           ; 0 (0)        ; 0           ; 0            ; 0       ; 0         ; 0    ; 0            ; |PegaLadrao|lpm_divide:Mod4|lpm_divide_m6m:auto_generated|sign_div_unsign_tlh:divider                       ;              ;
;             |alt_u_div_s2f:divider|    ; 231 (231)         ; 0 (0)        ; 0           ; 0            ; 0       ; 0         ; 0    ; 0            ; |PegaLadrao|lpm_divide:Mod4|lpm_divide_m6m:auto_generated|sign_div_unsign_tlh:divider|alt_u_div_s2f:divider ;              ;
;    |lpm_divide:Mod5|                   ; 218 (0)           ; 0 (0)        ; 0           ; 0            ; 0       ; 0         ; 0    ; 0            ; |PegaLadrao|lpm_divide:Mod5                                                                                 ;              ;
;       |lpm_divide_m6m:auto_generated|  ; 218 (0)           ; 0 (0)        ; 0           ; 0            ; 0       ; 0         ; 0    ; 0            ; |PegaLadrao|lpm_divide:Mod5|lpm_divide_m6m:auto_generated                                                   ;              ;
;          |sign_div_unsign_tlh:divider| ; 218 (0)           ; 0 (0)        ; 0           ; 0            ; 0       ; 0         ; 0    ; 0            ; |PegaLadrao|lpm_divide:Mod5|lpm_divide_m6m:auto_generated|sign_div_unsign_tlh:divider                       ;              ;
;             |alt_u_div_s2f:divider|    ; 218 (218)         ; 0 (0)        ; 0           ; 0            ; 0       ; 0         ; 0    ; 0            ; |PegaLadrao|lpm_divide:Mod5|lpm_divide_m6m:auto_generated|sign_div_unsign_tlh:divider|alt_u_div_s2f:divider ;              ;
;    |lpm_divide:Mod6|                   ; 226 (0)           ; 0 (0)        ; 0           ; 0            ; 0       ; 0         ; 0    ; 0            ; |PegaLadrao|lpm_divide:Mod6                                                                                 ;              ;
;       |lpm_divide_m6m:auto_generated|  ; 226 (0)           ; 0 (0)        ; 0           ; 0            ; 0       ; 0         ; 0    ; 0            ; |PegaLadrao|lpm_divide:Mod6|lpm_divide_m6m:auto_generated                                                   ;              ;
;          |sign_div_unsign_tlh:divider| ; 226 (0)           ; 0 (0)        ; 0           ; 0            ; 0       ; 0         ; 0    ; 0            ; |PegaLadrao|lpm_divide:Mod6|lpm_divide_m6m:auto_generated|sign_div_unsign_tlh:divider                       ;              ;
;             |alt_u_div_s2f:divider|    ; 226 (226)         ; 0 (0)        ; 0           ; 0            ; 0       ; 0         ; 0    ; 0            ; |PegaLadrao|lpm_divide:Mod6|lpm_divide_m6m:auto_generated|sign_div_unsign_tlh:divider|alt_u_div_s2f:divider ;              ;
+----------------------------------------+-------------------+--------------+-------------+--------------+---------+-----------+------+--------------+-------------------------------------------------------------------------------------------------------------+--------------+
Note: For table entries with two numbers listed, the numbers in parentheses indicate the number of resources of the given type used by the specific entity alone. The numbers listed outside of parentheses indicate the total resources of the given type used by the specific entity and all of its sub-entities in the hierarchy.


+----------------------------------------------------------------------------------+
; Registers Removed During Synthesis                                               ;
+-----------------------------------------+----------------------------------------+
; Register name                           ; Reason for Removal                     ;
+-----------------------------------------+----------------------------------------+
; LEDG[7]~reg0                            ; Stuck at GND due to stuck port data_in ;
; LEDG[6]~reg0                            ; Stuck at GND due to stuck port data_in ;
; LEDG[5]~reg0                            ; Stuck at GND due to stuck port data_in ;
; LEDG[4]~reg0                            ; Stuck at GND due to stuck port data_in ;
; LEDG[3]~reg0                            ; Stuck at GND due to stuck port data_in ;
; LEDG[2]~reg0                            ; Stuck at GND due to stuck port data_in ;
; LEDG[1]~reg0                            ; Stuck at GND due to stuck port data_in ;
; acende[1,4,6..17,20..30]                ; Merged with acende[31]                 ;
; dezHit[1]                               ; Merged with hitD[1]                    ;
; acende[2..3,5,18]                       ; Merged with acende[19]                 ;
; uniHit[3]                               ; Merged with hitU[3]                    ;
; uniHit[2]                               ; Merged with hitU[2]                    ;
; uniHit[1]                               ; Merged with hitU[1]                    ;
; uniHit[0]                               ; Merged with hitU[0]                    ;
; uniPoint[2]                             ; Merged with uniPoint[0]                ;
; uniPoint[3]                             ; Merged with uniPoint[1]                ;
; dezPoint[2..3]                          ; Merged with uniPoint[1]                ;
; level[3]                                ; Merged with uniPoint[1]                ;
; dezHit[0]                               ; Merged with hitD[0]                    ;
; hitD[3]                                 ; Merged with dezHit[3]                  ;
; hitD[2]                                 ; Merged with dezHit[2]                  ;
; acende[19]                              ; Merged with acende[31]                 ;
; uniPoint[1]                             ; Stuck at GND due to stuck port data_in ;
; cnt1[0]                                 ; Merged with cnt2[0]                    ;
; cnt[0]                                  ; Merged with cnt2[0]                    ;
; cnt[1]                                  ; Merged with cnt2[1]                    ;
; cnt1[1]                                 ; Merged with cnt2[1]                    ;
; cnt1[2]                                 ; Merged with cnt2[2]                    ;
; cnt[2]                                  ; Merged with cnt2[2]                    ;
; cnt1[3]                                 ; Merged with cnt2[3]                    ;
; cnt[3]                                  ; Merged with cnt2[3]                    ;
; cnt[4]                                  ; Merged with cnt2[4]                    ;
; cnt1[4]                                 ; Merged with cnt2[4]                    ;
; cnt[5]                                  ; Merged with cnt2[5]                    ;
; cnt1[5]                                 ; Merged with cnt2[5]                    ;
; cnt1[6]                                 ; Merged with cnt2[6]                    ;
; cnt[6]                                  ; Merged with cnt2[6]                    ;
; cnt[7]                                  ; Merged with cnt2[7]                    ;
; cnt1[7]                                 ; Merged with cnt2[7]                    ;
; cnt[8]                                  ; Merged with cnt2[8]                    ;
; cnt1[8]                                 ; Merged with cnt2[8]                    ;
; cnt[9]                                  ; Merged with cnt2[9]                    ;
; cnt1[9]                                 ; Merged with cnt2[9]                    ;
; cnt[10]                                 ; Merged with cnt2[10]                   ;
; cnt1[10]                                ; Merged with cnt2[10]                   ;
; cnt1[11]                                ; Merged with cnt2[11]                   ;
; cnt[11]                                 ; Merged with cnt2[11]                   ;
; cnt[12]                                 ; Merged with cnt2[12]                   ;
; cnt1[12]                                ; Merged with cnt2[12]                   ;
; cnt[13]                                 ; Merged with cnt2[13]                   ;
; cnt1[13]                                ; Merged with cnt2[13]                   ;
; cnt1[14]                                ; Merged with cnt2[14]                   ;
; cnt[14]                                 ; Merged with cnt2[14]                   ;
; cnt1[15]                                ; Merged with cnt2[15]                   ;
; cnt[15]                                 ; Merged with cnt2[15]                   ;
; cnt[16]                                 ; Merged with cnt2[16]                   ;
; cnt1[16]                                ; Merged with cnt2[16]                   ;
; cnt[17]                                 ; Merged with cnt2[17]                   ;
; cnt1[17]                                ; Merged with cnt2[17]                   ;
; cnt1[18]                                ; Merged with cnt2[18]                   ;
; cnt[18]                                 ; Merged with cnt2[18]                   ;
; cnt1[19]                                ; Merged with cnt2[19]                   ;
; cnt[19]                                 ; Merged with cnt2[19]                   ;
; cnt[20]                                 ; Merged with cnt2[20]                   ;
; cnt1[20]                                ; Merged with cnt2[20]                   ;
; cnt[21]                                 ; Merged with cnt2[21]                   ;
; cnt1[21]                                ; Merged with cnt2[21]                   ;
; cnt1[22]                                ; Merged with cnt2[22]                   ;
; cnt[22]                                 ; Merged with cnt2[22]                   ;
; cnt[23]                                 ; Merged with cnt2[23]                   ;
; cnt1[23]                                ; Merged with cnt2[23]                   ;
; acende[31]                              ; Stuck at GND due to stuck port data_in ;
; array[17]                               ; Merged with array[10]                  ;
; array[16]                               ; Merged with array[9]                   ;
; array[15]                               ; Merged with array[8]                   ;
; Total Number of Removed Registers = 103 ;                                        ;
+-----------------------------------------+----------------------------------------+


+------------------------------------------------------------------------------------+
; Removed Registers Triggering Further Register Optimizations                        ;
+---------------+---------------------------+----------------------------------------+
; Register name ; Reason for Removal        ; Registers Removed due to This Register ;
+---------------+---------------------------+----------------------------------------+
; uniPoint[1]   ; Stuck at GND              ; acende[31]                             ;
;               ; due to stuck port data_in ;                                        ;
+---------------+---------------------------+----------------------------------------+


+------------------------------------------------------+
; General Register Statistics                          ;
+----------------------------------------------+-------+
; Statistic                                    ; Value ;
+----------------------------------------------+-------+
; Total registers                              ; 196   ;
; Number of registers using Synchronous Clear  ; 0     ;
; Number of registers using Synchronous Load   ; 0     ;
; Number of registers using Asynchronous Clear ; 0     ;
; Number of registers using Asynchronous Load  ; 0     ;
; Number of registers using Clock Enable       ; 165   ;
; Number of registers using Preset             ; 0     ;
+----------------------------------------------+-------+


+--------------------------------------------------+
; Inverted Register Statistics                     ;
+----------------------------------------+---------+
; Inverted Register                      ; Fan out ;
+----------------------------------------+---------+
; CEN[0]                                 ; 11      ;
; CEN[1]                                 ; 10      ;
; Total number of inverted registers = 2 ;         ;
+----------------------------------------+---------+


+------------------------------------------------------------------------------------------------------------------------------------------+
; Multiplexer Restructuring Statistics (Restructuring Performed)                                                                           ;
+--------------------+-----------+---------------+----------------------+------------------------+------------+----------------------------+
; Multiplexer Inputs ; Bus Width ; Baseline Area ; Area if Restructured ; Saving if Restructured ; Registered ; Example Multiplexer Output ;
+--------------------+-----------+---------------+----------------------+------------------------+------------+----------------------------+
; 4:1                ; 32 bits   ; 64 LEs        ; 32 LEs               ; 32 LEs                 ; Yes        ; |PegaLadrao|hitU[1]        ;
; 4:1                ; 32 bits   ; 64 LEs        ; 32 LEs               ; 32 LEs                 ; Yes        ; |PegaLadrao|hitD[7]        ;
; 5:1                ; 4 bits    ; 12 LEs        ; 8 LEs                ; 4 LEs                  ; Yes        ; |PegaLadrao|UNI[1]         ;
; 5:1                ; 2 bits    ; 6 LEs         ; 2 LEs                ; 4 LEs                  ; Yes        ; |PegaLadrao|CEN[2]         ;
; 6:1                ; 4 bits    ; 16 LEs        ; 8 LEs                ; 8 LEs                  ; Yes        ; |PegaLadrao|DEZ[1]         ;
; 6:1                ; 3 bits    ; 12 LEs        ; 9 LEs                ; 3 LEs                  ; Yes        ; |PegaLadrao|dezPoint[0]    ;
; 8:1                ; 17 bits   ; 85 LEs        ; 68 LEs               ; 17 LEs                 ; Yes        ; |PegaLadrao|array[11]      ;
; 5:1                ; 2 bits    ; 6 LEs         ; 4 LEs                ; 2 LEs                  ; Yes        ; |PegaLadrao|CEN[0]         ;
+--------------------+-----------+---------------+----------------------+------------------------+------------+----------------------------+


+------------------------------------------------------------------+
; Parameter Settings for Inferred Entity Instance: lpm_divide:Mod0 ;
+------------------------+----------------+------------------------+
; Parameter Name         ; Value          ; Type                   ;
+------------------------+----------------+------------------------+
; LPM_WIDTHN             ; 18             ; Untyped                ;
; LPM_WIDTHD             ; 5              ; Untyped                ;
; LPM_NREPRESENTATION    ; UNSIGNED       ; Untyped                ;
; LPM_DREPRESENTATION    ; UNSIGNED       ; Untyped                ;
; LPM_PIPELINE           ; 0              ; Untyped                ;
; LPM_REMAINDERPOSITIVE  ; TRUE           ; Untyped                ;
; MAXIMIZE_SPEED         ; 5              ; Untyped                ;
; CBXI_PARAMETER         ; lpm_divide_m6m ; Untyped                ;
; CARRY_CHAIN            ; MANUAL         ; Untyped                ;
; OPTIMIZE_FOR_SPEED     ; 5              ; Untyped                ;
; AUTO_CARRY_CHAINS      ; ON             ; AUTO_CARRY             ;
; IGNORE_CARRY_BUFFERS   ; OFF            ; IGNORE_CARRY           ;
; AUTO_CASCADE_CHAINS    ; ON             ; AUTO_CASCADE           ;
; IGNORE_CASCADE_BUFFERS ; OFF            ; IGNORE_CASCADE         ;
+------------------------+----------------+------------------------+
Note: In order to hide this table in the UI and the text report file, please set the "Show Parameter Settings Tables in Synthesis Report" option in "Analysis and Synthesis Settings -> More Settings" to "Off".


+------------------------------------------------------------------+
; Parameter Settings for Inferred Entity Instance: lpm_divide:Mod1 ;
+------------------------+----------------+------------------------+
; Parameter Name         ; Value          ; Type                   ;
+------------------------+----------------+------------------------+
; LPM_WIDTHN             ; 18             ; Untyped                ;
; LPM_WIDTHD             ; 5              ; Untyped                ;
; LPM_NREPRESENTATION    ; UNSIGNED       ; Untyped                ;
; LPM_DREPRESENTATION    ; UNSIGNED       ; Untyped                ;
; LPM_PIPELINE           ; 0              ; Untyped                ;
; LPM_REMAINDERPOSITIVE  ; TRUE           ; Untyped                ;
; MAXIMIZE_SPEED         ; 5              ; Untyped                ;
; CBXI_PARAMETER         ; lpm_divide_m6m ; Untyped                ;
; CARRY_CHAIN            ; MANUAL         ; Untyped                ;
; OPTIMIZE_FOR_SPEED     ; 5              ; Untyped                ;
; AUTO_CARRY_CHAINS      ; ON             ; AUTO_CARRY             ;
; IGNORE_CARRY_BUFFERS   ; OFF            ; IGNORE_CARRY           ;
; AUTO_CASCADE_CHAINS    ; ON             ; AUTO_CASCADE           ;
; IGNORE_CASCADE_BUFFERS ; OFF            ; IGNORE_CASCADE         ;
+------------------------+----------------+------------------------+
Note: In order to hide this table in the UI and the text report file, please set the "Show Parameter Settings Tables in Synthesis Report" option in "Analysis and Synthesis Settings -> More Settings" to "Off".


+------------------------------------------------------------------+
; Parameter Settings for Inferred Entity Instance: lpm_divide:Mod2 ;
+------------------------+----------------+------------------------+
; Parameter Name         ; Value          ; Type                   ;
+------------------------+----------------+------------------------+
; LPM_WIDTHN             ; 18             ; Untyped                ;
; LPM_WIDTHD             ; 5              ; Untyped                ;
; LPM_NREPRESENTATION    ; UNSIGNED       ; Untyped                ;
; LPM_DREPRESENTATION    ; UNSIGNED       ; Untyped                ;
; LPM_PIPELINE           ; 0              ; Untyped                ;
; LPM_REMAINDERPOSITIVE  ; TRUE           ; Untyped                ;
; MAXIMIZE_SPEED         ; 5              ; Untyped                ;
; CBXI_PARAMETER         ; lpm_divide_m6m ; Untyped                ;
; CARRY_CHAIN            ; MANUAL         ; Untyped                ;
; OPTIMIZE_FOR_SPEED     ; 5              ; Untyped                ;
; AUTO_CARRY_CHAINS      ; ON             ; AUTO_CARRY             ;
; IGNORE_CARRY_BUFFERS   ; OFF            ; IGNORE_CARRY           ;
; AUTO_CASCADE_CHAINS    ; ON             ; AUTO_CASCADE           ;
; IGNORE_CASCADE_BUFFERS ; OFF            ; IGNORE_CASCADE         ;
+------------------------+----------------+------------------------+
Note: In order to hide this table in the UI and the text report file, please set the "Show Parameter Settings Tables in Synthesis Report" option in "Analysis and Synthesis Settings -> More Settings" to "Off".


+------------------------------------------------------------------+
; Parameter Settings for Inferred Entity Instance: lpm_divide:Mod3 ;
+------------------------+----------------+------------------------+
; Parameter Name         ; Value          ; Type                   ;
+------------------------+----------------+------------------------+
; LPM_WIDTHN             ; 18             ; Untyped                ;
; LPM_WIDTHD             ; 5              ; Untyped                ;
; LPM_NREPRESENTATION    ; UNSIGNED       ; Untyped                ;
; LPM_DREPRESENTATION    ; UNSIGNED       ; Untyped                ;
; LPM_PIPELINE           ; 0              ; Untyped                ;
; LPM_REMAINDERPOSITIVE  ; TRUE           ; Untyped                ;
; MAXIMIZE_SPEED         ; 5              ; Untyped                ;
; CBXI_PARAMETER         ; lpm_divide_m6m ; Untyped                ;
; CARRY_CHAIN            ; MANUAL         ; Untyped                ;
; OPTIMIZE_FOR_SPEED     ; 5              ; Untyped                ;
; AUTO_CARRY_CHAINS      ; ON             ; AUTO_CARRY             ;
; IGNORE_CARRY_BUFFERS   ; OFF            ; IGNORE_CARRY           ;
; AUTO_CASCADE_CHAINS    ; ON             ; AUTO_CASCADE           ;
; IGNORE_CASCADE_BUFFERS ; OFF            ; IGNORE_CASCADE         ;
+------------------------+----------------+------------------------+
Note: In order to hide this table in the UI and the text report file, please set the "Show Parameter Settings Tables in Synthesis Report" option in "Analysis and Synthesis Settings -> More Settings" to "Off".


+------------------------------------------------------------------+
; Parameter Settings for Inferred Entity Instance: lpm_divide:Mod4 ;
+------------------------+----------------+------------------------+
; Parameter Name         ; Value          ; Type                   ;
+------------------------+----------------+------------------------+
; LPM_WIDTHN             ; 18             ; Untyped                ;
; LPM_WIDTHD             ; 5              ; Untyped                ;
; LPM_NREPRESENTATION    ; UNSIGNED       ; Untyped                ;
; LPM_DREPRESENTATION    ; UNSIGNED       ; Untyped                ;
; LPM_PIPELINE           ; 0              ; Untyped                ;
; LPM_REMAINDERPOSITIVE  ; TRUE           ; Untyped                ;
; MAXIMIZE_SPEED         ; 5              ; Untyped                ;
; CBXI_PARAMETER         ; lpm_divide_m6m ; Untyped                ;
; CARRY_CHAIN            ; MANUAL         ; Untyped                ;
; OPTIMIZE_FOR_SPEED     ; 5              ; Untyped                ;
; AUTO_CARRY_CHAINS      ; ON             ; AUTO_CARRY             ;
; IGNORE_CARRY_BUFFERS   ; OFF            ; IGNORE_CARRY           ;
; AUTO_CASCADE_CHAINS    ; ON             ; AUTO_CASCADE           ;
; IGNORE_CASCADE_BUFFERS ; OFF            ; IGNORE_CASCADE         ;
+------------------------+----------------+------------------------+
Note: In order to hide this table in the UI and the text report file, please set the "Show Parameter Settings Tables in Synthesis Report" option in "Analysis and Synthesis Settings -> More Settings" to "Off".


+------------------------------------------------------------------+
; Parameter Settings for Inferred Entity Instance: lpm_divide:Mod6 ;
+------------------------+----------------+------------------------+
; Parameter Name         ; Value          ; Type                   ;
+------------------------+----------------+------------------------+
; LPM_WIDTHN             ; 18             ; Untyped                ;
; LPM_WIDTHD             ; 5              ; Untyped                ;
; LPM_NREPRESENTATION    ; UNSIGNED       ; Untyped                ;
; LPM_DREPRESENTATION    ; UNSIGNED       ; Untyped                ;
; LPM_PIPELINE           ; 0              ; Untyped                ;
; LPM_REMAINDERPOSITIVE  ; TRUE           ; Untyped                ;
; MAXIMIZE_SPEED         ; 5              ; Untyped                ;
; CBXI_PARAMETER         ; lpm_divide_m6m ; Untyped                ;
; CARRY_CHAIN            ; MANUAL         ; Untyped                ;
; OPTIMIZE_FOR_SPEED     ; 5              ; Untyped                ;
; AUTO_CARRY_CHAINS      ; ON             ; AUTO_CARRY             ;
; IGNORE_CARRY_BUFFERS   ; OFF            ; IGNORE_CARRY           ;
; AUTO_CASCADE_CHAINS    ; ON             ; AUTO_CASCADE           ;
; IGNORE_CASCADE_BUFFERS ; OFF            ; IGNORE_CASCADE         ;
+------------------------+----------------+------------------------+
Note: In order to hide this table in the UI and the text report file, please set the "Show Parameter Settings Tables in Synthesis Report" option in "Analysis and Synthesis Settings -> More Settings" to "Off".


+------------------------------------------------------------------+
; Parameter Settings for Inferred Entity Instance: lpm_divide:Mod5 ;
+------------------------+----------------+------------------------+
; Parameter Name         ; Value          ; Type                   ;
+------------------------+----------------+------------------------+
; LPM_WIDTHN             ; 18             ; Untyped                ;
; LPM_WIDTHD             ; 5              ; Untyped                ;
; LPM_NREPRESENTATION    ; UNSIGNED       ; Untyped                ;
; LPM_DREPRESENTATION    ; UNSIGNED       ; Untyped                ;
; LPM_PIPELINE           ; 0              ; Untyped                ;
; LPM_REMAINDERPOSITIVE  ; TRUE           ; Untyped                ;
; MAXIMIZE_SPEED         ; 5              ; Untyped                ;
; CBXI_PARAMETER         ; lpm_divide_m6m ; Untyped                ;
; CARRY_CHAIN            ; MANUAL         ; Untyped                ;
; OPTIMIZE_FOR_SPEED     ; 5              ; Untyped                ;
; AUTO_CARRY_CHAINS      ; ON             ; AUTO_CARRY             ;
; IGNORE_CARRY_BUFFERS   ; OFF            ; IGNORE_CARRY           ;
; AUTO_CASCADE_CHAINS    ; ON             ; AUTO_CASCADE           ;
; IGNORE_CASCADE_BUFFERS ; OFF            ; IGNORE_CASCADE         ;
+------------------------+----------------+------------------------+
Note: In order to hide this table in the UI and the text report file, please set the "Show Parameter Settings Tables in Synthesis Report" option in "Analysis and Synthesis Settings -> More Settings" to "Off".


+-------------------------------+
; Analysis & Synthesis Messages ;
+-------------------------------+
Info: *******************************************************************
Info: Running Quartus II 64-Bit Analysis & Synthesis
    Info: Version 9.1 Build 350 03/24/2010 Service Pack 2 SJ Full Version
    Info: Processing started: Fri Jun 08 15:12:50 2018
Info: Command: quartus_map --read_settings_files=on --write_settings_files=off PegaLadrao -c PegaLadrao
Info: Parallel compilation is enabled and will use 4 of the 4 processors detected
Info: Found 1 design units, including 1 entities, in source file pegaladrao.v
    Info: Found entity 1: PegaLadrao
Info: Elaborating entity "PegaLadrao" for the top level hierarchy
Warning (10036): Verilog HDL or VHDL warning at PegaLadrao.v(48): object "flag" assigned a value but never read
Warning (10230): Verilog HDL assignment warning at PegaLadrao.v(67): truncated value with size 32 to match size of target (4)
Warning (10646): Verilog HDL Event Control warning at PegaLadrao.v(241): posedge or negedge of vector "UNI" depends solely on its least-significant bit
Warning (10230): Verilog HDL assignment warning at PegaLadrao.v(285): truncated value with size 32 to match size of target (4)
Warning (10230): Verilog HDL assignment warning at PegaLadrao.v(286): truncated value with size 32 to match size of target (4)
Info: Inferred 7 megafunctions from design logic
    Info: Inferred divider/modulo megafunction ("lpm_divide") from the following logic: "Mod0"
    Info: Inferred divider/modulo megafunction ("lpm_divide") from the following logic: "Mod1"
    Info: Inferred divider/modulo megafunction ("lpm_divide") from the following logic: "Mod2"
    Info: Inferred divider/modulo megafunction ("lpm_divide") from the following logic: "Mod3"
    Info: Inferred divider/modulo megafunction ("lpm_divide") from the following logic: "Mod4"
    Info: Inferred divider/modulo megafunction ("lpm_divide") from the following logic: "Mod6"
    Info: Inferred divider/modulo megafunction ("lpm_divide") from the following logic: "Mod5"
Info: Elaborated megafunction instantiation "lpm_divide:Mod0"
Info: Instantiated megafunction "lpm_divide:Mod0" with the following parameter:
    Info: Parameter "LPM_WIDTHN" = "18"
    Info: Parameter "LPM_WIDTHD" = "5"
    Info: Parameter "LPM_NREPRESENTATION" = "UNSIGNED"
    Info: Parameter "LPM_DREPRESENTATION" = "UNSIGNED"
Info: Found 1 design units, including 1 entities, in source file db/lpm_divide_m6m.tdf
    Info: Found entity 1: lpm_divide_m6m
Info: Found 1 design units, including 1 entities, in source file db/sign_div_unsign_tlh.tdf
    Info: Found entity 1: sign_div_unsign_tlh
Info: Found 1 design units, including 1 entities, in source file db/alt_u_div_s2f.tdf
    Info: Found entity 1: alt_u_div_s2f
Info: Found 1 design units, including 1 entities, in source file db/add_sub_lkc.tdf
    Info: Found entity 1: add_sub_lkc
Info: Found 1 design units, including 1 entities, in source file db/add_sub_mkc.tdf
    Info: Found entity 1: add_sub_mkc
Warning: Output pins are stuck at VCC or GND
    Warning (13410): Pin "LEDG[1]" is stuck at GND
    Warning (13410): Pin "LEDG[2]" is stuck at GND
    Warning (13410): Pin "LEDG[3]" is stuck at GND
    Warning (13410): Pin "LEDG[4]" is stuck at GND
    Warning (13410): Pin "LEDG[5]" is stuck at GND
    Warning (13410): Pin "LEDG[6]" is stuck at GND
    Warning (13410): Pin "LEDG[7]" is stuck at GND
    Warning (13410): Pin "segDP" is stuck at VCC
    Warning (13410): Pin "segDP1" is stuck at VCC
    Warning (13410): Pin "segDP2" is stuck at VCC
    Warning (13410): Pin "segA5" is stuck at GND
    Warning (13410): Pin "segC5" is stuck at GND
    Warning (13410): Pin "segD5" is stuck at GND
    Warning (13410): Pin "segF5" is stuck at GND
    Warning (13410): Pin "segDP5" is stuck at VCC
    Warning (13410): Pin "segB6" is stuck at GND
    Warning (13410): Pin "segDP6" is stuck at VCC
    Warning (13410): Pin "segDP3" is stuck at VCC
    Warning (13410): Pin "segDP4" is stuck at VCC
Info: Found the following redundant logic cells in design
    Info (17048): Logic cell "lpm_divide:Mod2|lpm_divide_m6m:auto_generated|sign_div_unsign_tlh:divider|alt_u_div_s2f:divider|add_sub_9_result_int[0]~12"
    Info (17048): Logic cell "lpm_divide:Mod2|lpm_divide_m6m:auto_generated|sign_div_unsign_tlh:divider|alt_u_div_s2f:divider|add_sub_12_result_int[0]~12"
    Info (17048): Logic cell "lpm_divide:Mod4|lpm_divide_m6m:auto_generated|sign_div_unsign_tlh:divider|alt_u_div_s2f:divider|add_sub_4_result_int[0]~10"
    Info (17048): Logic cell "lpm_divide:Mod4|lpm_divide_m6m:auto_generated|sign_div_unsign_tlh:divider|alt_u_div_s2f:divider|add_sub_12_result_int[0]~12"
    Info (17048): Logic cell "lpm_divide:Mod4|lpm_divide_m6m:auto_generated|sign_div_unsign_tlh:divider|alt_u_div_s2f:divider|add_sub_13_result_int[0]~12"
    Info (17048): Logic cell "lpm_divide:Mod4|lpm_divide_m6m:auto_generated|sign_div_unsign_tlh:divider|alt_u_div_s2f:divider|add_sub_14_result_int[0]~12"
    Info (17048): Logic cell "lpm_divide:Mod6|lpm_divide_m6m:auto_generated|sign_div_unsign_tlh:divider|alt_u_div_s2f:divider|add_sub_9_result_int[0]~12"
    Info (17048): Logic cell "lpm_divide:Mod6|lpm_divide_m6m:auto_generated|sign_div_unsign_tlh:divider|alt_u_div_s2f:divider|add_sub_13_result_int[0]~12"
Info: Generated suppressed messages file C:/Users/Claudio/Desktop/PegaLadrao/PegaLadrao.map.smsg
Warning: Design contains 1 input pin(s) that do not drive logic
    Warning (15610): No output dependent on input pin "CLK_50"
Info: Implemented 2544 device resources after synthesis - the final resource count might be different
    Info: Implemented 24 input pins
    Info: Implemented 83 output pins
    Info: Implemented 2437 logic cells
Info: Quartus II 64-Bit Analysis & Synthesis was successful. 0 errors, 27 warnings
    Info: Peak virtual memory: 4457 megabytes
    Info: Processing ended: Fri Jun 08 15:13:04 2018
    Info: Elapsed time: 00:00:14
    Info: Total CPU time (on all processors): 00:00:16


+------------------------------------------+
; Analysis & Synthesis Suppressed Messages ;
+------------------------------------------+
The suppressed messages can be found in C:/Users/Claudio/Desktop/PegaLadrao/PegaLadrao.map.smsg.


